{"/home/alex/projects/WebstormProjects/node-exam/filters.js":{"path":"/home/alex/projects/WebstormProjects/node-exam/filters.js","s":{"1":1,"2":1,"3":1,"4":0,"5":0,"6":0,"7":0,"8":0,"9":0,"10":1,"11":0,"12":0,"13":0,"14":0,"15":0,"16":0,"17":0,"18":1,"19":0,"20":0,"21":0,"22":1,"23":0,"24":0,"25":1,"26":0,"27":0,"28":1,"29":0,"30":0,"31":1,"32":0,"33":0,"34":0,"35":0,"36":0,"37":0,"38":0,"39":1},"b":{"1":[0,0],"2":[0,0],"3":[0,0]},"f":{"1":0,"2":0,"3":0,"4":0,"5":0,"6":0,"7":0},"fnMap":{"1":{"name":"_resultUrls","line":5,"loc":{"start":{"line":5,"column":0},"end":{"line":5,"column":28}}},"2":{"name":"_filterUnique","line":14,"loc":{"start":{"line":14,"column":0},"end":{"line":14,"column":29}}},"3":{"name":"getParts","line":27,"loc":{"start":{"line":27,"column":0},"end":{"line":27,"column":25}}},"4":{"name":"_filterMailTo","line":38,"loc":{"start":{"line":38,"column":0},"end":{"line":38,"column":29}}},"5":{"name":"_filterHost","line":42,"loc":{"start":{"line":42,"column":0},"end":{"line":42,"column":39}}},"6":{"name":"_filterVisited","line":46,"loc":{"start":{"line":46,"column":0},"end":{"line":46,"column":39}}},"7":{"name":"filterLinks","line":50,"loc":{"start":{"line":50,"column":0},"end":{"line":50,"column":49}}}},"statementMap":{"1":{"start":{"line":1,"column":0},"end":{"line":1,"column":35}},"2":{"start":{"line":2,"column":0},"end":{"line":2,"column":33}},"3":{"start":{"line":5,"column":0},"end":{"line":12,"column":1}},"4":{"start":{"line":6,"column":2},"end":{"line":6,"column":29}},"5":{"start":{"line":7,"column":2},"end":{"line":7,"column":22}},"6":{"start":{"line":8,"column":2},"end":{"line":10,"column":5}},"7":{"start":{"line":9,"column":4},"end":{"line":9,"column":40}},"8":{"start":{"line":11,"column":2},"end":{"line":11,"column":39}},"9":{"start":{"line":11,"column":33},"end":{"line":11,"column":37}},"10":{"start":{"line":14,"column":0},"end":{"line":25,"column":1}},"11":{"start":{"line":15,"column":2},"end":{"line":15,"column":24}},"12":{"start":{"line":17,"column":2},"end":{"line":23,"column":5}},"13":{"start":{"line":18,"column":4},"end":{"line":18,"column":90}},"14":{"start":{"line":18,"column":51},"end":{"line":18,"column":88}},"15":{"start":{"line":20,"column":4},"end":{"line":22,"column":5}},"16":{"start":{"line":21,"column":6},"end":{"line":21,"column":28}},"17":{"start":{"line":24,"column":2},"end":{"line":24,"column":20}},"18":{"start":{"line":27,"column":0},"end":{"line":36,"column":1}},"19":{"start":{"line":28,"column":2},"end":{"line":35,"column":5}},"20":{"start":{"line":29,"column":4},"end":{"line":29,"column":38}},"21":{"start":{"line":30,"column":4},"end":{"line":34,"column":6}},"22":{"start":{"line":38,"column":0},"end":{"line":40,"column":1}},"23":{"start":{"line":39,"column":2},"end":{"line":39,"column":89}},"24":{"start":{"line":39,"column":31},"end":{"line":39,"column":87}},"25":{"start":{"line":42,"column":0},"end":{"line":44,"column":1}},"26":{"start":{"line":43,"column":2},"end":{"line":43,"column":73}},"27":{"start":{"line":43,"column":31},"end":{"line":43,"column":71}},"28":{"start":{"line":46,"column":0},"end":{"line":48,"column":1}},"29":{"start":{"line":47,"column":2},"end":{"line":47,"column":56}},"30":{"start":{"line":47,"column":31},"end":{"line":47,"column":54}},"31":{"start":{"line":50,"column":0},"end":{"line":58,"column":1}},"32":{"start":{"line":51,"column":2},"end":{"line":51,"column":36}},"33":{"start":{"line":52,"column":2},"end":{"line":52,"column":40}},"34":{"start":{"line":53,"column":2},"end":{"line":53,"column":45}},"35":{"start":{"line":54,"column":2},"end":{"line":54,"column":57}},"36":{"start":{"line":55,"column":2},"end":{"line":55,"column":50}},"37":{"start":{"line":56,"column":2},"end":{"line":56,"column":60}},"38":{"start":{"line":57,"column":2},"end":{"line":57,"column":23}},"39":{"start":{"line":60,"column":0},"end":{"line":62,"column":2}}},"branchMap":{"1":{"line":20,"type":"if","locations":[{"start":{"line":20,"column":4},"end":{"line":20,"column":4}},{"start":{"line":20,"column":4},"end":{"line":20,"column":4}}]},"2":{"line":39,"type":"binary-expr","locations":[{"start":{"line":39,"column":33},"end":{"line":39,"column":46}},{"start":{"line":39,"column":50},"end":{"line":39,"column":86}}]},"3":{"line":43,"type":"binary-expr","locations":[{"start":{"line":43,"column":33},"end":{"line":43,"column":42}},{"start":{"line":43,"column":46},"end":{"line":43,"column":70}}]}}},"/home/alex/projects/WebstormProjects/node-exam/app.js":{"path":"/home/alex/projects/WebstormProjects/node-exam/app.js","s":{"1":1,"2":1,"3":1,"4":1,"5":1,"6":1,"7":1,"8":1,"9":1,"10":1,"11":1,"12":1,"13":1,"14":1,"15":1,"16":1,"17":0,"18":0,"19":0,"20":0,"21":0,"22":0,"23":0,"24":0,"25":0,"26":0,"27":0,"28":1,"29":0,"30":1,"31":1,"32":0,"33":1,"34":0,"35":0,"36":0,"37":0,"38":0,"39":0,"40":1,"41":1,"42":1,"43":1,"44":1,"45":1,"46":1,"47":1,"48":0,"49":1},"b":{"1":[0,0],"2":[0,0],"3":[0,0],"4":[0,1]},"f":{"1":0},"fnMap":{"1":{"name":"(anonymous_1)","line":90,"loc":{"start":{"line":90,"column":17},"end":{"line":90,"column":29}}}},"statementMap":{"1":{"start":{"line":1,"column":0},"end":{"line":1,"column":35}},"2":{"start":{"line":2,"column":0},"end":{"line":2,"column":22}},"3":{"start":{"line":3,"column":0},"end":{"line":3,"column":33}},"4":{"start":{"line":4,"column":0},"end":{"line":4,"column":46}},"5":{"start":{"line":5,"column":0},"end":{"line":5,"column":37}},"6":{"start":{"line":6,"column":0},"end":{"line":6,"column":42}},"7":{"start":{"line":7,"column":0},"end":{"line":7,"column":35}},"8":{"start":{"line":8,"column":0},"end":{"line":8,"column":45}},"9":{"start":{"line":9,"column":0},"end":{"line":9,"column":36}},"10":{"start":{"line":10,"column":0},"end":{"line":10,"column":31}},"11":{"start":{"line":11,"column":0},"end":{"line":11,"column":48}},"12":{"start":{"line":12,"column":0},"end":{"line":12,"column":50}},"13":{"start":{"line":13,"column":0},"end":{"line":13,"column":44}},"14":{"start":{"line":15,"column":0},"end":{"line":15,"column":60}},"15":{"start":{"line":17,"column":0},"end":{"line":17,"column":37}},"16":{"start":{"line":20,"column":0},"end":{"line":52,"column":3}},"17":{"start":{"line":21,"column":2},"end":{"line":21,"column":50}},"18":{"start":{"line":22,"column":2},"end":{"line":26,"column":4}},"19":{"start":{"line":28,"column":2},"end":{"line":28,"column":24}},"20":{"start":{"line":29,"column":2},"end":{"line":29,"column":36}},"21":{"start":{"line":30,"column":2},"end":{"line":30,"column":37}},"22":{"start":{"line":32,"column":2},"end":{"line":51,"column":5}},"23":{"start":{"line":33,"column":4},"end":{"line":37,"column":5}},"24":{"start":{"line":34,"column":6},"end":{"line":34,"column":78}},"25":{"start":{"line":35,"column":6},"end":{"line":35,"column":33}},"26":{"start":{"line":36,"column":6},"end":{"line":36,"column":13}},"27":{"start":{"line":39,"column":4},"end":{"line":50,"column":7}},"28":{"start":{"line":54,"column":0},"end":{"line":56,"column":3}},"29":{"start":{"line":55,"column":3},"end":{"line":55,"column":22}},"30":{"start":{"line":59,"column":0},"end":{"line":63,"column":3}},"31":{"start":{"line":60,"column":2},"end":{"line":62,"column":5}},"32":{"start":{"line":61,"column":4},"end":{"line":61,"column":19}},"33":{"start":{"line":65,"column":0},"end":{"line":75,"column":3}},"34":{"start":{"line":66,"column":2},"end":{"line":66,"column":25}},"35":{"start":{"line":67,"column":2},"end":{"line":74,"column":5}},"36":{"start":{"line":68,"column":4},"end":{"line":73,"column":5}},"37":{"start":{"line":69,"column":6},"end":{"line":69,"column":34}},"38":{"start":{"line":71,"column":6},"end":{"line":71,"column":66}},"39":{"start":{"line":72,"column":6},"end":{"line":72,"column":33}},"40":{"start":{"line":77,"column":0},"end":{"line":77,"column":53}},"41":{"start":{"line":79,"column":0},"end":{"line":81,"column":2}},"42":{"start":{"line":83,"column":0},"end":{"line":88,"column":3}},"43":{"start":{"line":84,"column":2},"end":{"line":84,"column":40}},"44":{"start":{"line":85,"column":2},"end":{"line":85,"column":41}},"45":{"start":{"line":86,"column":2},"end":{"line":86,"column":45}},"46":{"start":{"line":87,"column":2},"end":{"line":87,"column":34}},"47":{"start":{"line":90,"column":0},"end":{"line":92,"column":3}},"48":{"start":{"line":91,"column":4},"end":{"line":91,"column":54}},"49":{"start":{"line":94,"column":0},"end":{"line":94,"column":21}}},"branchMap":{"1":{"line":30,"type":"binary-expr","locations":[{"start":{"line":30,"column":16},"end":{"line":30,"column":31}},{"start":{"line":30,"column":35},"end":{"line":30,"column":36}}]},"2":{"line":33,"type":"if","locations":[{"start":{"line":33,"column":4},"end":{"line":33,"column":4}},{"start":{"line":33,"column":4},"end":{"line":33,"column":4}}]},"3":{"line":68,"type":"if","locations":[{"start":{"line":68,"column":4},"end":{"line":68,"column":4}},{"start":{"line":68,"column":4},"end":{"line":68,"column":4}}]},"4":{"line":80,"type":"cond-expr","locations":[{"start":{"line":80,"column":53},"end":{"line":80,"column":57}},{"start":{"line":80,"column":60},"end":{"line":80,"column":65}}]}}},"/home/alex/projects/WebstormProjects/node-exam/data.js":{"path":"/home/alex/projects/WebstormProjects/node-exam/data.js","s":{"1":1,"2":1,"3":1,"4":1,"5":1,"6":1,"7":1,"8":1,"9":1,"10":1,"11":1,"12":0,"13":0,"14":0,"15":0,"16":0,"17":0,"18":0,"19":0,"20":0,"21":0,"22":0,"23":0,"24":0,"25":1,"26":0,"27":0,"28":0,"29":0,"30":0,"31":0,"32":0,"33":1,"34":0,"35":0,"36":0,"37":0,"38":1,"39":0,"40":0,"41":0,"42":0,"43":0,"44":1},"b":{"1":[0,0],"2":[0,0],"3":[0,0]},"f":{"1":0,"2":0,"3":0,"4":0},"fnMap":{"1":{"name":"getNewData","line":14,"loc":{"start":{"line":14,"column":0},"end":{"line":14,"column":37}}},"2":{"name":"getUrl","line":32,"loc":{"start":{"line":32,"column":0},"end":{"line":32,"column":24}}},"3":{"name":"resultToVisit","line":47,"loc":{"start":{"line":47,"column":0},"end":{"line":47,"column":30}}},"4":{"name":"resultData","line":55,"loc":{"start":{"line":55,"column":0},"end":{"line":55,"column":36}}}},"statementMap":{"1":{"start":{"line":1,"column":0},"end":{"line":1,"column":31}},"2":{"start":{"line":2,"column":0},"end":{"line":2,"column":35}},"3":{"start":{"line":3,"column":0},"end":{"line":3,"column":48}},"4":{"start":{"line":4,"column":0},"end":{"line":4,"column":36}},"5":{"start":{"line":5,"column":0},"end":{"line":5,"column":41}},"6":{"start":{"line":6,"column":0},"end":{"line":6,"column":50}},"7":{"start":{"line":7,"column":0},"end":{"line":7,"column":44}},"8":{"start":{"line":8,"column":0},"end":{"line":8,"column":35}},"9":{"start":{"line":9,"column":0},"end":{"line":9,"column":27}},"10":{"start":{"line":10,"column":0},"end":{"line":10,"column":23}},"11":{"start":{"line":14,"column":0},"end":{"line":30,"column":1}},"12":{"start":{"line":15,"column":2},"end":{"line":15,"column":95}},"13":{"start":{"line":16,"column":2},"end":{"line":16,"column":19}},"14":{"start":{"line":18,"column":2},"end":{"line":22,"column":20}},"15":{"start":{"line":18,"column":46},"end":{"line":18,"column":56}},"16":{"start":{"line":19,"column":5},"end":{"line":19,"column":80}},"17":{"start":{"line":20,"column":5},"end":{"line":20,"column":124}},"18":{"start":{"line":21,"column":5},"end":{"line":21,"column":17}},"19":{"start":{"line":23,"column":2},"end":{"line":23,"column":28}},"20":{"start":{"line":24,"column":2},"end":{"line":24,"column":24}},"21":{"start":{"line":25,"column":2},"end":{"line":25,"column":67}},"22":{"start":{"line":26,"column":2},"end":{"line":26,"column":31}},"23":{"start":{"line":28,"column":2},"end":{"line":28,"column":22}},"24":{"start":{"line":29,"column":2},"end":{"line":29,"column":17}},"25":{"start":{"line":32,"column":0},"end":{"line":45,"column":1}},"26":{"start":{"line":33,"column":2},"end":{"line":33,"column":21}},"27":{"start":{"line":34,"column":2},"end":{"line":38,"column":3}},"28":{"start":{"line":37,"column":4},"end":{"line":37,"column":41}},"29":{"start":{"line":40,"column":2},"end":{"line":40,"column":120}},"30":{"start":{"line":40,"column":44},"end":{"line":40,"column":118}},"31":{"start":{"line":42,"column":2},"end":{"line":44,"column":5}},"32":{"start":{"line":43,"column":4},"end":{"line":43,"column":29}},"33":{"start":{"line":47,"column":0},"end":{"line":53,"column":1}},"34":{"start":{"line":48,"column":2},"end":{"line":48,"column":20}},"35":{"start":{"line":49,"column":2},"end":{"line":51,"column":5}},"36":{"start":{"line":50,"column":4},"end":{"line":50,"column":33}},"37":{"start":{"line":52,"column":2},"end":{"line":52,"column":16}},"38":{"start":{"line":55,"column":0},"end":{"line":62,"column":1}},"39":{"start":{"line":56,"column":4},"end":{"line":56,"column":51}},"40":{"start":{"line":57,"column":4},"end":{"line":57,"column":22}},"41":{"start":{"line":58,"column":4},"end":{"line":60,"column":7}},"42":{"start":{"line":59,"column":6},"end":{"line":59,"column":32}},"43":{"start":{"line":61,"column":3},"end":{"line":61,"column":17}},"44":{"start":{"line":64,"column":0},"end":{"line":69,"column":2}}},"branchMap":{"1":{"line":34,"type":"if","locations":[{"start":{"line":34,"column":2},"end":{"line":34,"column":2}},{"start":{"line":34,"column":2},"end":{"line":34,"column":2}}]},"2":{"line":34,"type":"binary-expr","locations":[{"start":{"line":34,"column":6},"end":{"line":34,"column":49}},{"start":{"line":34,"column":53},"end":{"line":34,"column":72}}]},"3":{"line":40,"type":"binary-expr","locations":[{"start":{"line":40,"column":69},"end":{"line":40,"column":78}},{"start":{"line":40,"column":82},"end":{"line":40,"column":99}}]}}},"/home/alex/projects/WebstormProjects/node-exam/config.js":{"path":"/home/alex/projects/WebstormProjects/node-exam/config.js","s":{"1":1,"2":1},"b":{},"f":{},"fnMap":{},"statementMap":{"1":{"start":{"line":1,"column":0},"end":{"line":15,"column":2}},"2":{"start":{"line":17,"column":0},"end":{"line":17,"column":24}}},"branchMap":{}}}